BBSSDKTHEME1/build/outputs/logs/manifest-merger-release-report.txt
-- Merging decision tree log ---
manifest
ADDED from BBS\BBSSDKTHEME1\AndroidManifest.xml:1:1-11:12
INJECTED from BBS\BBSSDKTHEME1\AndroidManifest.xml:1:1-11:12
INJECTED from BBS\BBSSDKTHEME1\AndroidManifest.xml:1:1-11:12
INJECTED from BBS\BBSSDKTHEME1\AndroidManifest.xml:1:1-11:12
INJECTED from BBS\BBSSDKTHEME1\AndroidManifest.xml:1:1-11:12
INJECTED from BBS\BBSSDKTHEME1\AndroidManifest.xml:1:1-11:12
INJECTED from BBS\BBSSDKTHEME1\AndroidManifest.xml:1:1-11:12
	package
		ADDED from BBS\BBSSDKTHEME1\AndroidManifest.xml:2:11-42
		INJECTED from BBS\BBSSDKTHEME1\AndroidManifest.xml
		INJECTED from BBS\BBSSDKTHEME1\AndroidManifest.xml
	android:versionName
		INJECTED from BBS\BBSSDKTHEME1\AndroidManifest.xml
		ADDED from BBS\BBSSDKTHEME1\AndroidManifest.xml:1:1-11:12
		INJECTED from BBS\BBSSDKTHEME1\AndroidManifest.xml
	android:versionCode
		INJECTED from BBS\BBSSDKTHEME1\AndroidManifest.xml
		ADDED from BBS\BBSSDKTHEME1\AndroidManifest.xml:1:1-11:12
		INJECTED from BBS\BBSSDKTHEME1\AndroidManifest.xml
	xmlns:android
		ADDED from BBS\BBSSDKTHEME1\AndroidManifest.xml:1:11-69
application
ADDED from BBS\BBSSDKTHEME1\AndroidManifest.xml:4:5-10:19
activity#com.mob.bbssdk.theme1.page.AnotherActivity
ADDED from BBS\BBSSDKTHEME1\AndroidManifest.xml:5:9-9:20
	android:theme
		ADDED from BBS\BBSSDKTHEME1\AndroidManifest.xml:7:13-66
	android:name
		ADDED from BBS\BBSSDKTHEME1\AndroidManifest.xml:6:13-49
uses-sdk
INJECTED from BBS\BBSSDKTHEME1\AndroidManifest.xml reason: use-sdk injection requested
INJECTED from BBS\BBSSDKTHEME1\AndroidManifest.xml
INJECTED from BBS\BBSSDKTHEME1\AndroidManifest.xml
INJECTED from BBS\BBSSDKTHEME1\AndroidManifest.xml
INJECTED from BBS\BBSSDKTHEME1\AndroidManifest.xml
	android:targetSdkVersion
		INJECTED from BBS\BBSSDKTHEME1\AndroidManifest.xml
		ADDED from BBS\BBSSDKTHEME1\AndroidManifest.xml
		INJECTED from BBS\BBSSDKTHEME1\AndroidManifest.xml
	android:minSdkVersion
		INJECTED from BBS\BBSSDKTHEME1\AndroidManifest.xml
		ADDED from BBS\BBSSDKTHEME1\AndroidManifest.xml
		INJECTED from BBS\BBSSDKTHEME1\AndroidManifest.xml